<?xml version="1.0" encoding="UTF-8"?>
<!-- Generated by org.testng.reporters.JUnitReportReporter -->
<testsuite skipped="0" hostname="vdc01dlap0337" name="com.valtech.RestAssured.RestAssuredDemo" tests="3" failures="0" timestamp="29 Dec 2017 06:58:46 GMT" time="5.317" errors="0">
  <testcase name="test_Md5CheckSumForTest_ShouldBe098f6bcd4621d373cade4e832627b4f6" time="3.980" classname="com.valtech.RestAssured.RestAssuredDemo"/>
  <testcase name="test_NumberOfCircuitsFor2017Season_ShouldBe20" time="0.729" classname="com.valtech.RestAssured.RestAssuredDemo"/>
  <testcase name="test_ResponseHeaderData_ShouldBeCorrect" time="0.608" classname="com.valtech.RestAssured.RestAssuredDemo"/>
</testsuite> <!-- com.valtech.RestAssured.RestAssuredDemo -->
