<?xml version="1.0" encoding="UTF-8"?>
<!-- Generated by org.testng.reporters.JUnitReportReporter -->
<testsuite skipped="0" hostname="vdc01dlap0337" name="com.valtech.RestAssured.GetWeatherDetails_1" tests="1" failures="0" timestamp="29 Dec 2017 08:17:18 GMT" time="2.594" errors="0">
  <testcase name="verifyWeatherDetails_statusCode" time="2.594" classname="com.valtech.RestAssured.GetWeatherDetails_1"/>
</testsuite> <!-- com.valtech.RestAssured.GetWeatherDetails_1 -->
