<?xml version="1.0" encoding="UTF-8"?>
<!-- Generated by org.testng.reporters.JUnitReportReporter -->
<testsuite skipped="0" hostname="vdc01dlap0337" name="com.valtech.RestAssured.Demo1" tests="3" failures="0" timestamp="28 Dec 2017 13:57:05 GMT" time="3.989" errors="0">
  <testcase name="test_Md5CheckSumForTest_ShouldBe098f6bcd4621d373cade4e832627b4f6" time="2.739" classname="com.valtech.RestAssured.Demo1"/>
  <testcase name="test_NumberOfCircuitsFor2017Season_ShouldBe20" time="0.684" classname="com.valtech.RestAssured.Demo1"/>
  <testcase name="test_ResponseHeaderData_ShouldBeCorrect" time="0.566" classname="com.valtech.RestAssured.Demo1"/>
</testsuite> <!-- com.valtech.RestAssured.Demo1 -->
