<?xml version="1.0" encoding="UTF-8"?>
<!-- Generated by org.testng.reporters.JUnitReportReporter -->
<testsuite skipped="0" hostname="vdc01dlap0337" name="com.valtech.RestAssured.SimpleGetTest" tests="1" failures="0" timestamp="28 Dec 2017 14:52:33 GMT" time="2.653" errors="0">
  <testcase name="GetWeatherDetails" time="2.653" classname="com.valtech.RestAssured.SimpleGetTest"/>
</testsuite> <!-- com.valtech.RestAssured.SimpleGetTest -->
