<?xml version="1.0" encoding="UTF-8"?>
<!-- Generated by org.testng.reporters.JUnitReportReporter -->
<testsuite skipped="0" hostname="ICPL12785" name="com.valtech.RestAssured.GetWeatherDetails_1" tests="1" failures="0" timestamp="13 Mar 2018 10:25:19 GMT" time="2.115" errors="0">
  <testcase name="verifyWeatherDetails_statusCode" time="2.115" classname="com.valtech.RestAssured.GetWeatherDetails_1"/>
</testsuite> <!-- com.valtech.RestAssured.GetWeatherDetails_1 -->
